<?xml version="1.0" encoding="UTF-8"?>
<!-- Generated by org.testng.reporters.JUnitReportReporter -->
<testsuite name="com.pages.TestClassForHotelBooking" tests="2" time="77.548" ignored="0" failures="0" timestamp="07 Sep 2020 05:45:37 GMT" skipped="0" hostname="DESKTOP-6LL5ST8" errors="0">
  <testcase name="zHappyPath" time="63.082" classname="com.pages.TestClassForHotelBooking"/>
  <testcase name="NegativeCaseToFindoutAllRequiredFeilds" time="14.466" classname="com.pages.TestClassForHotelBooking"/>
</testsuite> <!-- com.pages.TestClassForHotelBooking -->
